## Footprint report - date 02/12/20 15:21:03
## Created by Pcbnew version kicad (5.1.5)-3
## Unit = mm, Angle = deg.

$BeginDESCRIPTION

$BOARD
upper_left_corner 13.143377 29.974999
lower_right_corner 201.953335 86.647501
$EndBOARD

$MODULE "REF**"
reference "REF**"
value "MountingHole_3.2mm_M3"
footprint "MountingHole:MountingHole_3.2mm_M3"
attribut virtual
position 82.931000 67.637660  orientation 0.00
layer front
$PAD "1"
Shape Circle Layer both
position  0.000000  0.000000  size  3.200000  3.200000  orientation 0.00
drill  3.200000
shape_offset  0.000000  0.000000
$EndPAD
$EndMODULE  REF**

$MODULE "REF**"
reference "REF**"
value "MountingHole_3.2mm_M3"
footprint "MountingHole:MountingHole_3.2mm_M3"
attribut virtual
position 113.073180 67.617340  orientation 0.00
layer front
$PAD "1"
Shape Circle Layer both
position  0.000000  0.000000  size  3.200000  3.200000  orientation 0.00
drill  3.200000
shape_offset  0.000000  0.000000
$EndPAD
$EndMODULE  REF**

$MODULE "REF**"
reference "REF**"
value "MountingHole_4.3mm_M4"
footprint "MountingHole:MountingHole_4.3mm_M4"
attribut virtual
position 173.433740 34.571940  orientation 0.00
layer front
$PAD "1"
Shape Circle Layer both
position  0.000000  0.000000  size  4.300000  4.300000  orientation 0.00
drill  4.300000
shape_offset  0.000000  0.000000
$EndPAD
$EndMODULE  REF**

$MODULE "REF**"
reference "REF**"
value "MountingHole_4.3mm_M4"
footprint "MountingHole:MountingHole_4.3mm_M4"
attribut virtual
position 22.575520 34.564320  orientation 0.00
layer front
$PAD "1"
Shape Circle Layer both
position  0.000000  0.000000  size  4.300000  4.300000  orientation 0.00
drill  4.300000
shape_offset  0.000000  0.000000
$EndPAD
$EndMODULE  REF**

$MODULE "G***"
reference "G***"
value "LOGO"
footprint "lib:churchland_lab_logo"
attribut none
position 89.720420 57.624980  orientation 0.00
layer front
$EndMODULE  G***

$MODULE "BAR1"
reference "BAR1"
value "HDSP-4830_2"
footprint "Display:HDSP-4830"
attribut none
position 153.035000 69.215000  orientation 90.00
layer front
$PAD "20"
Shape Circle Layer both
position  7.620000  0.000000  size  2.032000  2.032000  orientation -90.00
drill  0.914400
shape_offset  0.000000  0.000000
$EndPAD
$PAD "19"
Shape Circle Layer both
position  7.620000  2.540000  size  2.032000  2.032000  orientation -90.00
drill  0.914400
shape_offset  0.000000  0.000000
$EndPAD
$PAD "18"
Shape Circle Layer both
position  7.620000  5.080000  size  2.032000  2.032000  orientation -90.00
drill  0.914400
shape_offset  0.000000  0.000000
$EndPAD
$PAD "17"
Shape Circle Layer both
position  7.620000  7.620000  size  2.032000  2.032000  orientation -90.00
drill  0.914400
shape_offset  0.000000  0.000000
$EndPAD
$PAD "9"
Shape Circle Layer both
position  0.000000 20.320000  size  2.032000  2.032000  orientation -90.00
drill  0.914400
shape_offset  0.000000  0.000000
$EndPAD
$PAD "10"
Shape Circle Layer both
position  0.000000 22.860000  size  2.032000  2.032000  orientation -90.00
drill  0.914400
shape_offset  0.000000  0.000000
$EndPAD
$PAD "11"
Shape Circle Layer both
position  7.620000 22.860000  size  2.032000  2.032000  orientation -90.00
drill  0.914400
shape_offset  0.000000  0.000000
$EndPAD
$PAD "12"
Shape Circle Layer both
position  7.620000 20.320000  size  2.032000  2.032000  orientation -90.00
drill  0.914400
shape_offset  0.000000  0.000000
$EndPAD
$PAD "8"
Shape Circle Layer both
position  0.000000 17.780000  size  2.032000  2.032000  orientation -90.00
drill  0.914400
shape_offset  0.000000  0.000000
$EndPAD
$PAD "7"
Shape Circle Layer both
position  0.000000 15.240000  size  2.032000  2.032000  orientation -90.00
drill  0.914400
shape_offset  0.000000  0.000000
$EndPAD
$PAD "6"
Shape Circle Layer both
position  0.000000 12.700000  size  2.032000  2.032000  orientation -90.00
drill  0.914400
shape_offset  0.000000  0.000000
$EndPAD
$PAD "5"
Shape Circle Layer both
position  0.000000 10.160000  size  2.032000  2.032000  orientation -90.00
drill  0.914400
shape_offset  0.000000  0.000000
$EndPAD
$PAD "16"
Shape Circle Layer both
position  7.620000 10.160000  size  2.032000  2.032000  orientation -90.00
drill  0.914400
shape_offset  0.000000  0.000000
$EndPAD
$PAD "15"
Shape Circle Layer both
position  7.620000 12.700000  size  2.032000  2.032000  orientation -90.00
drill  0.914400
shape_offset  0.000000  0.000000
$EndPAD
$PAD "14"
Shape Circle Layer both
position  7.620000 15.240000  size  2.032000  2.032000  orientation -90.00
drill  0.914400
shape_offset  0.000000  0.000000
$EndPAD
$PAD "13"
Shape Circle Layer both
position  7.620000 17.780000  size  2.032000  2.032000  orientation -90.00
drill  0.914400
shape_offset  0.000000  0.000000
$EndPAD
$PAD "4"
Shape Circle Layer both
position  0.000000  7.620000  size  2.032000  2.032000  orientation -90.00
drill  0.914400
shape_offset  0.000000  0.000000
$EndPAD
$PAD "3"
Shape Circle Layer both
position  0.000000  5.080000  size  2.032000  2.032000  orientation -90.00
drill  0.914400
shape_offset  0.000000  0.000000
$EndPAD
$PAD "2"
Shape Circle Layer both
position  0.000000  2.540000  size  2.032000  2.032000  orientation -90.00
drill  0.914400
shape_offset  0.000000  0.000000
$EndPAD
$PAD "1"
Shape Rect Layer both
position  0.000000  0.000000  size  2.032000  2.032000  orientation -90.00
drill  0.914400
shape_offset  0.000000  0.000000
$EndPAD
$EndMODULE  BAR1

$MODULE "BAR2"
reference "BAR2"
value "HDSP-4830_2"
footprint "Display:HDSP-4830"
attribut none
position 127.000000 69.215000  orientation 90.00
layer front
$PAD "1"
Shape Rect Layer both
position  0.000000  0.000000  size  2.032000  2.032000  orientation -90.00
drill  0.914400
shape_offset  0.000000  0.000000
$EndPAD
$PAD "2"
Shape Circle Layer both
position  0.000000  2.540000  size  2.032000  2.032000  orientation -90.00
drill  0.914400
shape_offset  0.000000  0.000000
$EndPAD
$PAD "3"
Shape Circle Layer both
position  0.000000  5.080000  size  2.032000  2.032000  orientation -90.00
drill  0.914400
shape_offset  0.000000  0.000000
$EndPAD
$PAD "4"
Shape Circle Layer both
position  0.000000  7.620000  size  2.032000  2.032000  orientation -90.00
drill  0.914400
shape_offset  0.000000  0.000000
$EndPAD
$PAD "13"
Shape Circle Layer both
position  7.620000 17.780000  size  2.032000  2.032000  orientation -90.00
drill  0.914400
shape_offset  0.000000  0.000000
$EndPAD
$PAD "14"
Shape Circle Layer both
position  7.620000 15.240000  size  2.032000  2.032000  orientation -90.00
drill  0.914400
shape_offset  0.000000  0.000000
$EndPAD
$PAD "15"
Shape Circle Layer both
position  7.620000 12.700000  size  2.032000  2.032000  orientation -90.00
drill  0.914400
shape_offset  0.000000  0.000000
$EndPAD
$PAD "16"
Shape Circle Layer both
position  7.620000 10.160000  size  2.032000  2.032000  orientation -90.00
drill  0.914400
shape_offset  0.000000  0.000000
$EndPAD
$PAD "5"
Shape Circle Layer both
position  0.000000 10.160000  size  2.032000  2.032000  orientation -90.00
drill  0.914400
shape_offset  0.000000  0.000000
$EndPAD
$PAD "6"
Shape Circle Layer both
position  0.000000 12.700000  size  2.032000  2.032000  orientation -90.00
drill  0.914400
shape_offset  0.000000  0.000000
$EndPAD
$PAD "7"
Shape Circle Layer both
position  0.000000 15.240000  size  2.032000  2.032000  orientation -90.00
drill  0.914400
shape_offset  0.000000  0.000000
$EndPAD
$PAD "8"
Shape Circle Layer both
position  0.000000 17.780000  size  2.032000  2.032000  orientation -90.00
drill  0.914400
shape_offset  0.000000  0.000000
$EndPAD
$PAD "12"
Shape Circle Layer both
position  7.620000 20.320000  size  2.032000  2.032000  orientation -90.00
drill  0.914400
shape_offset  0.000000  0.000000
$EndPAD
$PAD "11"
Shape Circle Layer both
position  7.620000 22.860000  size  2.032000  2.032000  orientation -90.00
drill  0.914400
shape_offset  0.000000  0.000000
$EndPAD
$PAD "10"
Shape Circle Layer both
position  0.000000 22.860000  size  2.032000  2.032000  orientation -90.00
drill  0.914400
shape_offset  0.000000  0.000000
$EndPAD
$PAD "9"
Shape Circle Layer both
position  0.000000 20.320000  size  2.032000  2.032000  orientation -90.00
drill  0.914400
shape_offset  0.000000  0.000000
$EndPAD
$PAD "17"
Shape Circle Layer both
position  7.620000  7.620000  size  2.032000  2.032000  orientation -90.00
drill  0.914400
shape_offset  0.000000  0.000000
$EndPAD
$PAD "18"
Shape Circle Layer both
position  7.620000  5.080000  size  2.032000  2.032000  orientation -90.00
drill  0.914400
shape_offset  0.000000  0.000000
$EndPAD
$PAD "19"
Shape Circle Layer both
position  7.620000  2.540000  size  2.032000  2.032000  orientation -90.00
drill  0.914400
shape_offset  0.000000  0.000000
$EndPAD
$PAD "20"
Shape Circle Layer both
position  7.620000  0.000000  size  2.032000  2.032000  orientation -90.00
drill  0.914400
shape_offset  0.000000  0.000000
$EndPAD
$EndMODULE  BAR2

$MODULE "BAR3"
reference "BAR3"
value "HDSP-4830_2"
footprint "Display:HDSP-4830"
attribut none
position 69.181000 61.580000  orientation 270.00
layer front
$PAD "20"
Shape Circle Layer both
position  7.620000  0.000000  size  2.032000  2.032000  orientation -90.00
drill  0.914400
shape_offset  0.000000  0.000000
$EndPAD
$PAD "19"
Shape Circle Layer both
position  7.620000  2.540000  size  2.032000  2.032000  orientation -90.00
drill  0.914400
shape_offset  0.000000  0.000000
$EndPAD
$PAD "18"
Shape Circle Layer both
position  7.620000  5.080000  size  2.032000  2.032000  orientation -90.00
drill  0.914400
shape_offset  0.000000  0.000000
$EndPAD
$PAD "17"
Shape Circle Layer both
position  7.620000  7.620000  size  2.032000  2.032000  orientation -90.00
drill  0.914400
shape_offset  0.000000  0.000000
$EndPAD
$PAD "9"
Shape Circle Layer both
position  0.000000 20.320000  size  2.032000  2.032000  orientation -90.00
drill  0.914400
shape_offset  0.000000  0.000000
$EndPAD
$PAD "10"
Shape Circle Layer both
position  0.000000 22.860000  size  2.032000  2.032000  orientation -90.00
drill  0.914400
shape_offset  0.000000  0.000000
$EndPAD
$PAD "11"
Shape Circle Layer both
position  7.620000 22.860000  size  2.032000  2.032000  orientation -90.00
drill  0.914400
shape_offset  0.000000  0.000000
$EndPAD
$PAD "12"
Shape Circle Layer both
position  7.620000 20.320000  size  2.032000  2.032000  orientation -90.00
drill  0.914400
shape_offset  0.000000  0.000000
$EndPAD
$PAD "8"
Shape Circle Layer both
position  0.000000 17.780000  size  2.032000  2.032000  orientation -90.00
drill  0.914400
shape_offset  0.000000  0.000000
$EndPAD
$PAD "7"
Shape Circle Layer both
position  0.000000 15.240000  size  2.032000  2.032000  orientation -90.00
drill  0.914400
shape_offset  0.000000  0.000000
$EndPAD
$PAD "6"
Shape Circle Layer both
position  0.000000 12.700000  size  2.032000  2.032000  orientation -90.00
drill  0.914400
shape_offset  0.000000  0.000000
$EndPAD
$PAD "5"
Shape Circle Layer both
position  0.000000 10.160000  size  2.032000  2.032000  orientation -90.00
drill  0.914400
shape_offset  0.000000  0.000000
$EndPAD
$PAD "16"
Shape Circle Layer both
position  7.620000 10.160000  size  2.032000  2.032000  orientation -90.00
drill  0.914400
shape_offset  0.000000  0.000000
$EndPAD
$PAD "15"
Shape Circle Layer both
position  7.620000 12.700000  size  2.032000  2.032000  orientation -90.00
drill  0.914400
shape_offset  0.000000  0.000000
$EndPAD
$PAD "14"
Shape Circle Layer both
position  7.620000 15.240000  size  2.032000  2.032000  orientation -90.00
drill  0.914400
shape_offset  0.000000  0.000000
$EndPAD
$PAD "13"
Shape Circle Layer both
position  7.620000 17.780000  size  2.032000  2.032000  orientation -90.00
drill  0.914400
shape_offset  0.000000  0.000000
$EndPAD
$PAD "4"
Shape Circle Layer both
position  0.000000  7.620000  size  2.032000  2.032000  orientation -90.00
drill  0.914400
shape_offset  0.000000  0.000000
$EndPAD
$PAD "3"
Shape Circle Layer both
position  0.000000  5.080000  size  2.032000  2.032000  orientation -90.00
drill  0.914400
shape_offset  0.000000  0.000000
$EndPAD
$PAD "2"
Shape Circle Layer both
position  0.000000  2.540000  size  2.032000  2.032000  orientation -90.00
drill  0.914400
shape_offset  0.000000  0.000000
$EndPAD
$PAD "1"
Shape Rect Layer both
position  0.000000  0.000000  size  2.032000  2.032000  orientation -90.00
drill  0.914400
shape_offset  0.000000  0.000000
$EndPAD
$EndMODULE  BAR3

$MODULE "BAR4"
reference "BAR4"
value "HDSP-4830_2"
footprint "Display:HDSP-4830"
attribut none
position 43.146000 61.580000  orientation 270.00
layer front
$PAD "1"
Shape Rect Layer both
position  0.000000  0.000000  size  2.032000  2.032000  orientation -90.00
drill  0.914400
shape_offset  0.000000  0.000000
$EndPAD
$PAD "2"
Shape Circle Layer both
position  0.000000  2.540000  size  2.032000  2.032000  orientation -90.00
drill  0.914400
shape_offset  0.000000  0.000000
$EndPAD
$PAD "3"
Shape Circle Layer both
position  0.000000  5.080000  size  2.032000  2.032000  orientation -90.00
drill  0.914400
shape_offset  0.000000  0.000000
$EndPAD
$PAD "4"
Shape Circle Layer both
position  0.000000  7.620000  size  2.032000  2.032000  orientation -90.00
drill  0.914400
shape_offset  0.000000  0.000000
$EndPAD
$PAD "13"
Shape Circle Layer both
position  7.620000 17.780000  size  2.032000  2.032000  orientation -90.00
drill  0.914400
shape_offset  0.000000  0.000000
$EndPAD
$PAD "14"
Shape Circle Layer both
position  7.620000 15.240000  size  2.032000  2.032000  orientation -90.00
drill  0.914400
shape_offset  0.000000  0.000000
$EndPAD
$PAD "15"
Shape Circle Layer both
position  7.620000 12.700000  size  2.032000  2.032000  orientation -90.00
drill  0.914400
shape_offset  0.000000  0.000000
$EndPAD
$PAD "16"
Shape Circle Layer both
position  7.620000 10.160000  size  2.032000  2.032000  orientation -90.00
drill  0.914400
shape_offset  0.000000  0.000000
$EndPAD
$PAD "5"
Shape Circle Layer both
position  0.000000 10.160000  size  2.032000  2.032000  orientation -90.00
drill  0.914400
shape_offset  0.000000  0.000000
$EndPAD
$PAD "6"
Shape Circle Layer both
position  0.000000 12.700000  size  2.032000  2.032000  orientation -90.00
drill  0.914400
shape_offset  0.000000  0.000000
$EndPAD
$PAD "7"
Shape Circle Layer both
position  0.000000 15.240000  size  2.032000  2.032000  orientation -90.00
drill  0.914400
shape_offset  0.000000  0.000000
$EndPAD
$PAD "8"
Shape Circle Layer both
position  0.000000 17.780000  size  2.032000  2.032000  orientation -90.00
drill  0.914400
shape_offset  0.000000  0.000000
$EndPAD
$PAD "12"
Shape Circle Layer both
position  7.620000 20.320000  size  2.032000  2.032000  orientation -90.00
drill  0.914400
shape_offset  0.000000  0.000000
$EndPAD
$PAD "11"
Shape Circle Layer both
position  7.620000 22.860000  size  2.032000  2.032000  orientation -90.00
drill  0.914400
shape_offset  0.000000  0.000000
$EndPAD
$PAD "10"
Shape Circle Layer both
position  0.000000 22.860000  size  2.032000  2.032000  orientation -90.00
drill  0.914400
shape_offset  0.000000  0.000000
$EndPAD
$PAD "9"
Shape Circle Layer both
position  0.000000 20.320000  size  2.032000  2.032000  orientation -90.00
drill  0.914400
shape_offset  0.000000  0.000000
$EndPAD
$PAD "17"
Shape Circle Layer both
position  7.620000  7.620000  size  2.032000  2.032000  orientation -90.00
drill  0.914400
shape_offset  0.000000  0.000000
$EndPAD
$PAD "18"
Shape Circle Layer both
position  7.620000  5.080000  size  2.032000  2.032000  orientation -90.00
drill  0.914400
shape_offset  0.000000  0.000000
$EndPAD
$PAD "19"
Shape Circle Layer both
position  7.620000  2.540000  size  2.032000  2.032000  orientation -90.00
drill  0.914400
shape_offset  0.000000  0.000000
$EndPAD
$PAD "20"
Shape Circle Layer both
position  7.620000  0.000000  size  2.032000  2.032000  orientation -90.00
drill  0.914400
shape_offset  0.000000  0.000000
$EndPAD
$EndMODULE  BAR4

$MODULE "LED1"
reference "LED1"
value "distractor LED 1"
footprint "TerminalBlock_Phoenix:TerminalBlock_Phoenix_MKDS-1,5-2_1x02_P5.00mm_Horizontal"
attribut none
position 97.000000 64.000000  orientation 0.00
layer back
$PAD "2"
Shape Circle Layer both
position  5.000000  0.000000  size  2.600000  2.600000  orientation 0.00
drill  1.300000
shape_offset  0.000000  0.000000
$EndPAD
$PAD "1"
Shape Rect Layer both
position  0.000000  0.000000  size  2.600000  2.600000  orientation 0.00
drill  1.300000
shape_offset  0.000000  0.000000
$EndPAD
$EndMODULE  LED1

$MODULE "LED2"
reference "LED2"
value "distractor LED 2"
footprint "TerminalBlock_Phoenix:TerminalBlock_Phoenix_MKDS-1,5-2_1x02_P5.00mm_Horizontal"
attribut none
position 97.000000 47.000000  orientation 0.00
layer back
$PAD "1"
Shape Rect Layer both
position  0.000000  0.000000  size  2.600000  2.600000  orientation 0.00
drill  1.300000
shape_offset  0.000000  0.000000
$EndPAD
$PAD "2"
Shape Circle Layer both
position  5.000000  0.000000  size  2.600000  2.600000  orientation 0.00
drill  1.300000
shape_offset  0.000000  0.000000
$EndPAD
$EndMODULE  LED2

$MODULE "R1"
reference "R1"
value "R"
footprint "Resistor_THT:R_Axial_DIN0207_L6.3mm_D2.5mm_P2.54mm_Vertical"
attribut none
position 126.025000 52.415000  orientation 270.00
layer front
$PAD "1"
Shape Circle Layer both
position  0.000000  0.000000  size  1.600000  1.600000  orientation 0.00
drill  0.800000
shape_offset  0.000000  0.000000
$EndPAD
$PAD "2"
Shape Oval Layer both
position  2.540000  0.000000  size  1.600000  1.600000  orientation 0.00
drill  0.800000
shape_offset  0.000000  0.000000
$EndPAD
$EndMODULE  R1

$MODULE "R2"
reference "R2"
value "R"
footprint "Resistor_THT:R_Axial_DIN0207_L6.3mm_D2.5mm_P2.54mm_Vertical"
attribut none
position 122.215000 40.985000  orientation 270.00
layer front
$PAD "2"
Shape Oval Layer both
position  2.540000  0.000000  size  1.600000  1.600000  orientation 0.00
drill  0.800000
shape_offset  0.000000  0.000000
$EndPAD
$PAD "1"
Shape Circle Layer both
position  0.000000  0.000000  size  1.600000  1.600000  orientation 0.00
drill  0.800000
shape_offset  0.000000  0.000000
$EndPAD
$EndMODULE  R2

$MODULE "R3"
reference "R3"
value "R"
footprint "Resistor_THT:R_Axial_DIN0207_L6.3mm_D2.5mm_P2.54mm_Vertical"
attribut none
position 122.215000 46.700000  orientation 270.00
layer front
$PAD "1"
Shape Circle Layer both
position  0.000000  0.000000  size  1.600000  1.600000  orientation 0.00
drill  0.800000
shape_offset  0.000000  0.000000
$EndPAD
$PAD "2"
Shape Oval Layer both
position  2.540000  0.000000  size  1.600000  1.600000  orientation 0.00
drill  0.800000
shape_offset  0.000000  0.000000
$EndPAD
$EndMODULE  R3

$MODULE "R4"
reference "R4"
value "R"
footprint "Resistor_THT:R_Axial_DIN0207_L6.3mm_D2.5mm_P2.54mm_Vertical"
attribut none
position 122.215000 52.415000  orientation 270.00
layer front
$PAD "2"
Shape Oval Layer both
position  2.540000  0.000000  size  1.600000  1.600000  orientation 0.00
drill  0.800000
shape_offset  0.000000  0.000000
$EndPAD
$PAD "1"
Shape Circle Layer both
position  0.000000  0.000000  size  1.600000  1.600000  orientation 0.00
drill  0.800000
shape_offset  0.000000  0.000000
$EndPAD
$EndMODULE  R4

$MODULE "R5"
reference "R5"
value "R"
footprint "Resistor_THT:R_Axial_DIN0207_L6.3mm_D2.5mm_P2.54mm_Vertical"
attribut none
position 118.405000 40.985000  orientation 270.00
layer front
$PAD "2"
Shape Oval Layer both
position  2.540000  0.000000  size  1.600000  1.600000  orientation 0.00
drill  0.800000
shape_offset  0.000000  0.000000
$EndPAD
$PAD "1"
Shape Circle Layer both
position  0.000000  0.000000  size  1.600000  1.600000  orientation 0.00
drill  0.800000
shape_offset  0.000000  0.000000
$EndPAD
$EndMODULE  R5

$MODULE "R6"
reference "R6"
value "R"
footprint "Resistor_THT:R_Axial_DIN0207_L6.3mm_D2.5mm_P2.54mm_Vertical"
attribut none
position 118.405000 46.700000  orientation 270.00
layer front
$PAD "1"
Shape Circle Layer both
position  0.000000  0.000000  size  1.600000  1.600000  orientation 0.00
drill  0.800000
shape_offset  0.000000  0.000000
$EndPAD
$PAD "2"
Shape Oval Layer both
position  2.540000  0.000000  size  1.600000  1.600000  orientation 0.00
drill  0.800000
shape_offset  0.000000  0.000000
$EndPAD
$EndMODULE  R6

$MODULE "R7"
reference "R7"
value "R"
footprint "Resistor_THT:R_Axial_DIN0207_L6.3mm_D2.5mm_P2.54mm_Vertical"
attribut none
position 114.595000 40.985000  orientation 270.00
layer front
$PAD "2"
Shape Oval Layer both
position  2.540000  0.000000  size  1.600000  1.600000  orientation 0.00
drill  0.800000
shape_offset  0.000000  0.000000
$EndPAD
$PAD "1"
Shape Circle Layer both
position  0.000000  0.000000  size  1.600000  1.600000  orientation 0.00
drill  0.800000
shape_offset  0.000000  0.000000
$EndPAD
$EndMODULE  R7

$MODULE "R8"
reference "R8"
value "R"
footprint "Resistor_THT:R_Axial_DIN0207_L6.3mm_D2.5mm_P2.54mm_Vertical"
attribut none
position 118.405000 52.415000  orientation 270.00
layer front
$PAD "1"
Shape Circle Layer both
position  0.000000  0.000000  size  1.600000  1.600000  orientation 0.00
drill  0.800000
shape_offset  0.000000  0.000000
$EndPAD
$PAD "2"
Shape Oval Layer both
position  2.540000  0.000000  size  1.600000  1.600000  orientation 0.00
drill  0.800000
shape_offset  0.000000  0.000000
$EndPAD
$EndMODULE  R8

$MODULE "R9"
reference "R9"
value "R"
footprint "Resistor_THT:R_Axial_DIN0207_L6.3mm_D2.5mm_P2.54mm_Vertical"
attribut none
position 114.595000 46.700000  orientation 270.00
layer front
$PAD "2"
Shape Oval Layer both
position  2.540000  0.000000  size  1.600000  1.600000  orientation 0.00
drill  0.800000
shape_offset  0.000000  0.000000
$EndPAD
$PAD "1"
Shape Circle Layer both
position  0.000000  0.000000  size  1.600000  1.600000  orientation 0.00
drill  0.800000
shape_offset  0.000000  0.000000
$EndPAD
$EndMODULE  R9

$MODULE "R10"
reference "R10"
value "R"
footprint "Resistor_THT:R_Axial_DIN0207_L6.3mm_D2.5mm_P2.54mm_Vertical"
attribut none
position 114.595000 52.415000  orientation 270.00
layer front
$PAD "1"
Shape Circle Layer both
position  0.000000  0.000000  size  1.600000  1.600000  orientation 0.00
drill  0.800000
shape_offset  0.000000  0.000000
$EndPAD
$PAD "2"
Shape Oval Layer both
position  2.540000  0.000000  size  1.600000  1.600000  orientation 0.00
drill  0.800000
shape_offset  0.000000  0.000000
$EndPAD
$EndMODULE  R10

$MODULE "R11"
reference "R11"
value "R"
footprint "Resistor_THT:R_Axial_DIN0207_L6.3mm_D2.5mm_P2.54mm_Vertical"
attribut none
position 137.455000 46.700000  orientation 270.00
layer front
$PAD "1"
Shape Circle Layer both
position  0.000000  0.000000  size  1.600000  1.600000  orientation 0.00
drill  0.800000
shape_offset  0.000000  0.000000
$EndPAD
$PAD "2"
Shape Oval Layer both
position  2.540000  0.000000  size  1.600000  1.600000  orientation 0.00
drill  0.800000
shape_offset  0.000000  0.000000
$EndPAD
$EndMODULE  R11

$MODULE "R12"
reference "R12"
value "R"
footprint "Resistor_THT:R_Axial_DIN0207_L6.3mm_D2.5mm_P2.54mm_Vertical"
attribut none
position 137.455000 52.415000  orientation 270.00
layer front
$PAD "2"
Shape Oval Layer both
position  2.540000  0.000000  size  1.600000  1.600000  orientation 0.00
drill  0.800000
shape_offset  0.000000  0.000000
$EndPAD
$PAD "1"
Shape Circle Layer both
position  0.000000  0.000000  size  1.600000  1.600000  orientation 0.00
drill  0.800000
shape_offset  0.000000  0.000000
$EndPAD
$EndMODULE  R12

$MODULE "R13"
reference "R13"
value "R"
footprint "Resistor_THT:R_Axial_DIN0207_L6.3mm_D2.5mm_P2.54mm_Vertical"
attribut none
position 133.645000 40.985000  orientation 270.00
layer front
$PAD "2"
Shape Oval Layer both
position  2.540000  0.000000  size  1.600000  1.600000  orientation 0.00
drill  0.800000
shape_offset  0.000000  0.000000
$EndPAD
$PAD "1"
Shape Circle Layer both
position  0.000000  0.000000  size  1.600000  1.600000  orientation 0.00
drill  0.800000
shape_offset  0.000000  0.000000
$EndPAD
$EndMODULE  R13

$MODULE "R14"
reference "R14"
value "R"
footprint "Resistor_THT:R_Axial_DIN0207_L6.3mm_D2.5mm_P2.54mm_Vertical"
attribut none
position 133.645000 46.700000  orientation 270.00
layer front
$PAD "1"
Shape Circle Layer both
position  0.000000  0.000000  size  1.600000  1.600000  orientation 0.00
drill  0.800000
shape_offset  0.000000  0.000000
$EndPAD
$PAD "2"
Shape Oval Layer both
position  2.540000  0.000000  size  1.600000  1.600000  orientation 0.00
drill  0.800000
shape_offset  0.000000  0.000000
$EndPAD
$EndMODULE  R14

$MODULE "R15"
reference "R15"
value "R"
footprint "Resistor_THT:R_Axial_DIN0207_L6.3mm_D2.5mm_P2.54mm_Vertical"
attribut none
position 133.645000 52.415000  orientation 270.00
layer front
$PAD "2"
Shape Oval Layer both
position  2.540000  0.000000  size  1.600000  1.600000  orientation 0.00
drill  0.800000
shape_offset  0.000000  0.000000
$EndPAD
$PAD "1"
Shape Circle Layer both
position  0.000000  0.000000  size  1.600000  1.600000  orientation 0.00
drill  0.800000
shape_offset  0.000000  0.000000
$EndPAD
$EndMODULE  R15

$MODULE "R16"
reference "R16"
value "R"
footprint "Resistor_THT:R_Axial_DIN0207_L6.3mm_D2.5mm_P2.54mm_Vertical"
attribut none
position 129.835000 40.985000  orientation 270.00
layer front
$PAD "2"
Shape Oval Layer both
position  2.540000  0.000000  size  1.600000  1.600000  orientation 0.00
drill  0.800000
shape_offset  0.000000  0.000000
$EndPAD
$PAD "1"
Shape Circle Layer both
position  0.000000  0.000000  size  1.600000  1.600000  orientation 0.00
drill  0.800000
shape_offset  0.000000  0.000000
$EndPAD
$EndMODULE  R16

$MODULE "R17"
reference "R17"
value "R"
footprint "Resistor_THT:R_Axial_DIN0207_L6.3mm_D2.5mm_P2.54mm_Vertical"
attribut none
position 129.835000 46.700000  orientation 270.00
layer front
$PAD "1"
Shape Circle Layer both
position  0.000000  0.000000  size  1.600000  1.600000  orientation 0.00
drill  0.800000
shape_offset  0.000000  0.000000
$EndPAD
$PAD "2"
Shape Oval Layer both
position  2.540000  0.000000  size  1.600000  1.600000  orientation 0.00
drill  0.800000
shape_offset  0.000000  0.000000
$EndPAD
$EndMODULE  R17

$MODULE "R18"
reference "R18"
value "R"
footprint "Resistor_THT:R_Axial_DIN0207_L6.3mm_D2.5mm_P2.54mm_Vertical"
attribut none
position 129.835000 52.415000  orientation 270.00
layer front
$PAD "2"
Shape Oval Layer both
position  2.540000  0.000000  size  1.600000  1.600000  orientation 0.00
drill  0.800000
shape_offset  0.000000  0.000000
$EndPAD
$PAD "1"
Shape Circle Layer both
position  0.000000  0.000000  size  1.600000  1.600000  orientation 0.00
drill  0.800000
shape_offset  0.000000  0.000000
$EndPAD
$EndMODULE  R18

$MODULE "R19"
reference "R19"
value "R"
footprint "Resistor_THT:R_Axial_DIN0207_L6.3mm_D2.5mm_P2.54mm_Vertical"
attribut none
position 126.025000 40.985000  orientation 270.00
layer front
$PAD "1"
Shape Circle Layer both
position  0.000000  0.000000  size  1.600000  1.600000  orientation 0.00
drill  0.800000
shape_offset  0.000000  0.000000
$EndPAD
$PAD "2"
Shape Oval Layer both
position  2.540000  0.000000  size  1.600000  1.600000  orientation 0.00
drill  0.800000
shape_offset  0.000000  0.000000
$EndPAD
$EndMODULE  R19

$MODULE "R20"
reference "R20"
value "R"
footprint "Resistor_THT:R_Axial_DIN0207_L6.3mm_D2.5mm_P2.54mm_Vertical"
attribut none
position 126.025000 46.700000  orientation 270.00
layer front
$PAD "2"
Shape Oval Layer both
position  2.540000  0.000000  size  1.600000  1.600000  orientation 0.00
drill  0.800000
shape_offset  0.000000  0.000000
$EndPAD
$PAD "1"
Shape Circle Layer both
position  0.000000  0.000000  size  1.600000  1.600000  orientation 0.00
drill  0.800000
shape_offset  0.000000  0.000000
$EndPAD
$EndMODULE  R20

$MODULE "R21"
reference "R21"
value "R"
footprint "Resistor_THT:R_Axial_DIN0207_L6.3mm_D2.5mm_P2.54mm_Vertical"
attribut none
position 81.304000 43.150000  orientation 90.00
layer front
$PAD "2"
Shape Oval Layer both
position  2.540000  0.000000  size  1.600000  1.600000  orientation 0.00
drill  0.800000
shape_offset  0.000000  0.000000
$EndPAD
$PAD "1"
Shape Circle Layer both
position  0.000000  0.000000  size  1.600000  1.600000  orientation 0.00
drill  0.800000
shape_offset  0.000000  0.000000
$EndPAD
$EndMODULE  R21

$MODULE "R22"
reference "R22"
value "R"
footprint "Resistor_THT:R_Axial_DIN0207_L6.3mm_D2.5mm_P2.54mm_Vertical"
attribut none
position 137.455000 43.075400  orientation 90.00
layer front
$PAD "1"
Shape Circle Layer both
position  0.000000  0.000000  size  1.600000  1.600000  orientation 0.00
drill  0.800000
shape_offset  0.000000  0.000000
$EndPAD
$PAD "2"
Shape Oval Layer both
position  2.540000  0.000000  size  1.600000  1.600000  orientation 0.00
drill  0.800000
shape_offset  0.000000  0.000000
$EndPAD
$EndMODULE  R22

$MODULE "R23"
reference "R23"
value "R"
footprint "Resistor_THT:R_Axial_DIN0207_L6.3mm_D2.5mm_P2.54mm_Vertical"
attribut none
position 70.001000 52.421000  orientation 270.00
layer front
$PAD "1"
Shape Circle Layer both
position  0.000000  0.000000  size  1.600000  1.600000  orientation 0.00
drill  0.800000
shape_offset  0.000000  0.000000
$EndPAD
$PAD "2"
Shape Oval Layer both
position  2.540000  0.000000  size  1.600000  1.600000  orientation 0.00
drill  0.800000
shape_offset  0.000000  0.000000
$EndPAD
$EndMODULE  R23

$MODULE "R24"
reference "R24"
value "R"
footprint "Resistor_THT:R_Axial_DIN0207_L6.3mm_D2.5mm_P2.54mm_Vertical"
attribut none
position 66.191000 40.991000  orientation 270.00
layer front
$PAD "2"
Shape Oval Layer both
position  2.540000  0.000000  size  1.600000  1.600000  orientation 0.00
drill  0.800000
shape_offset  0.000000  0.000000
$EndPAD
$PAD "1"
Shape Circle Layer both
position  0.000000  0.000000  size  1.600000  1.600000  orientation 0.00
drill  0.800000
shape_offset  0.000000  0.000000
$EndPAD
$EndMODULE  R24

$MODULE "R25"
reference "R25"
value "R"
footprint "Resistor_THT:R_Axial_DIN0207_L6.3mm_D2.5mm_P2.54mm_Vertical"
attribut none
position 66.191000 46.706000  orientation 270.00
layer front
$PAD "1"
Shape Circle Layer both
position  0.000000  0.000000  size  1.600000  1.600000  orientation 0.00
drill  0.800000
shape_offset  0.000000  0.000000
$EndPAD
$PAD "2"
Shape Oval Layer both
position  2.540000  0.000000  size  1.600000  1.600000  orientation 0.00
drill  0.800000
shape_offset  0.000000  0.000000
$EndPAD
$EndMODULE  R25

$MODULE "R26"
reference "R26"
value "R"
footprint "Resistor_THT:R_Axial_DIN0207_L6.3mm_D2.5mm_P2.54mm_Vertical"
attribut none
position 66.191000 52.421000  orientation 270.00
layer front
$PAD "2"
Shape Oval Layer both
position  2.540000  0.000000  size  1.600000  1.600000  orientation 0.00
drill  0.800000
shape_offset  0.000000  0.000000
$EndPAD
$PAD "1"
Shape Circle Layer both
position  0.000000  0.000000  size  1.600000  1.600000  orientation 0.00
drill  0.800000
shape_offset  0.000000  0.000000
$EndPAD
$EndMODULE  R26

$MODULE "R27"
reference "R27"
value "R"
footprint "Resistor_THT:R_Axial_DIN0207_L6.3mm_D2.5mm_P2.54mm_Vertical"
attribut none
position 62.381000 40.991000  orientation 270.00
layer front
$PAD "1"
Shape Circle Layer both
position  0.000000  0.000000  size  1.600000  1.600000  orientation 0.00
drill  0.800000
shape_offset  0.000000  0.000000
$EndPAD
$PAD "2"
Shape Oval Layer both
position  2.540000  0.000000  size  1.600000  1.600000  orientation 0.00
drill  0.800000
shape_offset  0.000000  0.000000
$EndPAD
$EndMODULE  R27

$MODULE "R28"
reference "R28"
value "R"
footprint "Resistor_THT:R_Axial_DIN0207_L6.3mm_D2.5mm_P2.54mm_Vertical"
attribut none
position 62.381000 46.706000  orientation 270.00
layer front
$PAD "1"
Shape Circle Layer both
position  0.000000  0.000000  size  1.600000  1.600000  orientation 0.00
drill  0.800000
shape_offset  0.000000  0.000000
$EndPAD
$PAD "2"
Shape Oval Layer both
position  2.540000  0.000000  size  1.600000  1.600000  orientation 0.00
drill  0.800000
shape_offset  0.000000  0.000000
$EndPAD
$EndMODULE  R28

$MODULE "R29"
reference "R29"
value "R"
footprint "Resistor_THT:R_Axial_DIN0207_L6.3mm_D2.5mm_P2.54mm_Vertical"
attribut none
position 62.381000 52.421000  orientation 270.00
layer front
$PAD "1"
Shape Circle Layer both
position  0.000000  0.000000  size  1.600000  1.600000  orientation 0.00
drill  0.800000
shape_offset  0.000000  0.000000
$EndPAD
$PAD "2"
Shape Oval Layer both
position  2.540000  0.000000  size  1.600000  1.600000  orientation 0.00
drill  0.800000
shape_offset  0.000000  0.000000
$EndPAD
$EndMODULE  R29

$MODULE "R30"
reference "R30"
value "R"
footprint "Resistor_THT:R_Axial_DIN0207_L6.3mm_D2.5mm_P2.54mm_Vertical"
attribut none
position 58.571000 40.991000  orientation 270.00
layer front
$PAD "2"
Shape Oval Layer both
position  2.540000  0.000000  size  1.600000  1.600000  orientation 0.00
drill  0.800000
shape_offset  0.000000  0.000000
$EndPAD
$PAD "1"
Shape Circle Layer both
position  0.000000  0.000000  size  1.600000  1.600000  orientation 0.00
drill  0.800000
shape_offset  0.000000  0.000000
$EndPAD
$EndMODULE  R30

$MODULE "R31"
reference "R31"
value "R"
footprint "Resistor_THT:R_Axial_DIN0207_L6.3mm_D2.5mm_P2.54mm_Vertical"
attribut none
position 58.571000 46.706000  orientation 270.00
layer front
$PAD "2"
Shape Oval Layer both
position  2.540000  0.000000  size  1.600000  1.600000  orientation 0.00
drill  0.800000
shape_offset  0.000000  0.000000
$EndPAD
$PAD "1"
Shape Circle Layer both
position  0.000000  0.000000  size  1.600000  1.600000  orientation 0.00
drill  0.800000
shape_offset  0.000000  0.000000
$EndPAD
$EndMODULE  R31

$MODULE "R32"
reference "R32"
value "R"
footprint "Resistor_THT:R_Axial_DIN0207_L6.3mm_D2.5mm_P2.54mm_Vertical"
attribut none
position 58.571000 52.421000  orientation 270.00
layer front
$PAD "1"
Shape Circle Layer both
position  0.000000  0.000000  size  1.600000  1.600000  orientation 0.00
drill  0.800000
shape_offset  0.000000  0.000000
$EndPAD
$PAD "2"
Shape Oval Layer both
position  2.540000  0.000000  size  1.600000  1.600000  orientation 0.00
drill  0.800000
shape_offset  0.000000  0.000000
$EndPAD
$EndMODULE  R32

$MODULE "R33"
reference "R33"
value "R"
footprint "Resistor_THT:R_Axial_DIN0207_L6.3mm_D2.5mm_P2.54mm_Vertical"
attribut none
position 81.304000 46.706000  orientation 270.00
layer front
$PAD "1"
Shape Circle Layer both
position  0.000000  0.000000  size  1.600000  1.600000  orientation 0.00
drill  0.800000
shape_offset  0.000000  0.000000
$EndPAD
$PAD "2"
Shape Oval Layer both
position  2.540000  0.000000  size  1.600000  1.600000  orientation 0.00
drill  0.800000
shape_offset  0.000000  0.000000
$EndPAD
$EndMODULE  R33

$MODULE "R34"
reference "R34"
value "R"
footprint "Resistor_THT:R_Axial_DIN0207_L6.3mm_D2.5mm_P2.54mm_Vertical"
attribut none
position 81.304000 52.548000  orientation 270.00
layer front
$PAD "2"
Shape Oval Layer both
position  2.540000  0.000000  size  1.600000  1.600000  orientation 0.00
drill  0.800000
shape_offset  0.000000  0.000000
$EndPAD
$PAD "1"
Shape Circle Layer both
position  0.000000  0.000000  size  1.600000  1.600000  orientation 0.00
drill  0.800000
shape_offset  0.000000  0.000000
$EndPAD
$EndMODULE  R34

$MODULE "R35"
reference "R35"
value "R"
footprint "Resistor_THT:R_Axial_DIN0207_L6.3mm_D2.5mm_P2.54mm_Vertical"
attribut none
position 77.748000 41.118000  orientation 270.00
layer front
$PAD "1"
Shape Circle Layer both
position  0.000000  0.000000  size  1.600000  1.600000  orientation 0.00
drill  0.800000
shape_offset  0.000000  0.000000
$EndPAD
$PAD "2"
Shape Oval Layer both
position  2.540000  0.000000  size  1.600000  1.600000  orientation 0.00
drill  0.800000
shape_offset  0.000000  0.000000
$EndPAD
$EndMODULE  R35

$MODULE "R36"
reference "R36"
value "R"
footprint "Resistor_THT:R_Axial_DIN0207_L6.3mm_D2.5mm_P2.54mm_Vertical"
attribut none
position 77.621000 46.706000  orientation 270.00
layer front
$PAD "2"
Shape Oval Layer both
position  2.540000  0.000000  size  1.600000  1.600000  orientation 0.00
drill  0.800000
shape_offset  0.000000  0.000000
$EndPAD
$PAD "1"
Shape Circle Layer both
position  0.000000  0.000000  size  1.600000  1.600000  orientation 0.00
drill  0.800000
shape_offset  0.000000  0.000000
$EndPAD
$EndMODULE  R36

$MODULE "R37"
reference "R37"
value "R"
footprint "Resistor_THT:R_Axial_DIN0207_L6.3mm_D2.5mm_P2.54mm_Vertical"
attribut none
position 77.621000 52.421000  orientation 270.00
layer front
$PAD "1"
Shape Circle Layer both
position  0.000000  0.000000  size  1.600000  1.600000  orientation 0.00
drill  0.800000
shape_offset  0.000000  0.000000
$EndPAD
$PAD "2"
Shape Oval Layer both
position  2.540000  0.000000  size  1.600000  1.600000  orientation 0.00
drill  0.800000
shape_offset  0.000000  0.000000
$EndPAD
$EndMODULE  R37

$MODULE "R38"
reference "R38"
value "R"
footprint "Resistor_THT:R_Axial_DIN0207_L6.3mm_D2.5mm_P2.54mm_Vertical"
attribut none
position 73.811000 40.991000  orientation 270.00
layer front
$PAD "2"
Shape Oval Layer both
position  2.540000  0.000000  size  1.600000  1.600000  orientation 0.00
drill  0.800000
shape_offset  0.000000  0.000000
$EndPAD
$PAD "1"
Shape Circle Layer both
position  0.000000  0.000000  size  1.600000  1.600000  orientation 0.00
drill  0.800000
shape_offset  0.000000  0.000000
$EndPAD
$EndMODULE  R38

$MODULE "R39"
reference "R39"
value "R"
footprint "Resistor_THT:R_Axial_DIN0207_L6.3mm_D2.5mm_P2.54mm_Vertical"
attribut none
position 73.811000 46.706000  orientation 270.00
layer front
$PAD "1"
Shape Circle Layer both
position  0.000000  0.000000  size  1.600000  1.600000  orientation 0.00
drill  0.800000
shape_offset  0.000000  0.000000
$EndPAD
$PAD "2"
Shape Oval Layer both
position  2.540000  0.000000  size  1.600000  1.600000  orientation 0.00
drill  0.800000
shape_offset  0.000000  0.000000
$EndPAD
$EndMODULE  R39

$MODULE "R40"
reference "R40"
value "R"
footprint "Resistor_THT:R_Axial_DIN0207_L6.3mm_D2.5mm_P2.54mm_Vertical"
attribut none
position 73.811000 52.421000  orientation 270.00
layer front
$PAD "2"
Shape Oval Layer both
position  2.540000  0.000000  size  1.600000  1.600000  orientation 0.00
drill  0.800000
shape_offset  0.000000  0.000000
$EndPAD
$PAD "1"
Shape Circle Layer both
position  0.000000  0.000000  size  1.600000  1.600000  orientation 0.00
drill  0.800000
shape_offset  0.000000  0.000000
$EndPAD
$EndMODULE  R40

$MODULE "R41"
reference "R41"
value "R"
footprint "Resistor_THT:R_Axial_DIN0207_L6.3mm_D2.5mm_P2.54mm_Vertical"
attribut none
position 70.001000 40.991000  orientation 270.00
layer front
$PAD "1"
Shape Circle Layer both
position  0.000000  0.000000  size  1.600000  1.600000  orientation 0.00
drill  0.800000
shape_offset  0.000000  0.000000
$EndPAD
$PAD "2"
Shape Oval Layer both
position  2.540000  0.000000  size  1.600000  1.600000  orientation 0.00
drill  0.800000
shape_offset  0.000000  0.000000
$EndPAD
$EndMODULE  R41

$MODULE "R42"
reference "R42"
value "R"
footprint "Resistor_THT:R_Axial_DIN0207_L6.3mm_D2.5mm_P2.54mm_Vertical"
attribut none
position 70.001000 46.706000  orientation 270.00
layer front
$PAD "2"
Shape Oval Layer both
position  2.540000  0.000000  size  1.600000  1.600000  orientation 0.00
drill  0.800000
shape_offset  0.000000  0.000000
$EndPAD
$PAD "1"
Shape Circle Layer both
position  0.000000  0.000000  size  1.600000  1.600000  orientation 0.00
drill  0.800000
shape_offset  0.000000  0.000000
$EndPAD
$EndMODULE  R42

$MODULE "TP1"
reference "TP1"
value "GND"
footprint "Connector_Pin:Pin_D0.7mm_L6.5mm_W1.8mm_FlatFork"
attribut none
position 58.420000 36.195000  orientation 0.00
layer front
$PAD "1"
Shape Circle Layer both
position  0.000000  0.000000  size  1.400000  1.400000  orientation 0.00
drill  0.700000
shape_offset  0.000000  0.000000
$EndPAD
$EndMODULE  TP1

$MODULE "TP2"
reference "TP2"
value "5V"
footprint "Connector_Pin:Pin_D0.7mm_L6.5mm_W1.8mm_FlatFork"
attribut none
position 62.230000 36.195000  orientation 0.00
layer front
$PAD "1"
Shape Circle Layer both
position  0.000000  0.000000  size  1.400000  1.400000  orientation 0.00
drill  0.700000
shape_offset  0.000000  0.000000
$EndPAD
$EndMODULE  TP2

$MODULE "left trigger"
reference "left trigger"
value "left trigger"
footprint "Connector_Pin:Pin_D0.7mm_L6.5mm_W1.8mm_FlatFork"
attribut none
position 126.365000 36.195000  orientation 0.00
layer front
$PAD "1"
Shape Circle Layer both
position  0.000000  0.000000  size  1.400000  1.400000  orientation 0.00
drill  0.700000
shape_offset  0.000000  0.000000
$EndPAD
$EndMODULE  left trigger

$MODULE "right trigger"
reference "right trigger"
value "right trigger"
footprint "Connector_Pin:Pin_D0.7mm_L6.5mm_W1.8mm_FlatFork"
attribut none
position 69.850000 36.195000  orientation 0.00
layer front
$PAD "1"
Shape Circle Layer both
position  0.000000  0.000000  size  1.400000  1.400000  orientation 0.00
drill  0.700000
shape_offset  0.000000  0.000000
$EndPAD
$EndMODULE  right trigger

$MODULE "LED1 trigger"
reference "LED1 trigger"
value "LED1 trigger "
footprint "Connector_Pin:Pin_D0.7mm_L6.5mm_W1.8mm_FlatFork"
attribut none
position 81.380000 36.330000  orientation 0.00
layer front
$PAD "1"
Shape Circle Layer both
position  0.000000  0.000000  size  1.400000  1.400000  orientation 0.00
drill  0.700000
shape_offset  0.000000  0.000000
$EndPAD
$EndMODULE  LED1 trigger

$MODULE "LED2 trigger"
reference "LED2 trigger"
value "LED2 trigger"
footprint "Connector_Pin:Pin_D0.7mm_L6.5mm_W1.8mm_FlatFork"
attribut none
position 114.550000 36.310000  orientation 0.00
layer front
$PAD "1"
Shape Circle Layer both
position  0.000000  0.000000  size  1.400000  1.400000  orientation 0.00
drill  0.700000
shape_offset  0.000000  0.000000
$EndPAD
$EndMODULE  LED2 trigger

$MODULE "left stim"
reference "left stim"
value "Teensy3.2"
footprint "lib:Teensy30_31_32_LC"
attribut none
position 160.020000 48.895000  orientation 180.00
layer front
$PAD "17"
Shape Circle Layer both
position 16.510000  0.000000  size  1.600000  1.600000  orientation 0.00
drill  1.100000
shape_offset  0.000000  0.000000
$EndPAD
$PAD "18"
Shape Circle Layer both
position 16.510000 -2.540000  size  1.600000  1.600000  orientation 0.00
drill  1.100000
shape_offset  0.000000  0.000000
$EndPAD
$PAD "19"
Shape Circle Layer both
position 16.510000 -5.080000  size  1.600000  1.600000  orientation 0.00
drill  1.100000
shape_offset  0.000000  0.000000
$EndPAD
$PAD "20"
Shape Circle Layer both
position 16.510000 -7.620000  size  1.600000  1.600000  orientation 0.00
drill  1.100000
shape_offset  0.000000  0.000000
$EndPAD
$PAD "16"
Shape Circle Layer both
position 16.510000  2.540000  size  1.600000  1.600000  orientation 0.00
drill  1.100000
shape_offset  0.000000  0.000000
$EndPAD
$PAD "15"
Shape Circle Layer both
position 16.510000  5.080000  size  1.600000  1.600000  orientation 0.00
drill  1.100000
shape_offset  0.000000  0.000000
$EndPAD
$PAD "14"
Shape Circle Layer both
position 16.510000  7.620000  size  1.600000  1.600000  orientation 0.00
drill  1.100000
shape_offset  0.000000  0.000000
$EndPAD
$PAD "21"
Shape Circle Layer both
position 13.970000 -7.620000  size  1.600000  1.600000  orientation 0.00
drill  1.100000
shape_offset  0.000000  0.000000
$EndPAD
$PAD "22"
Shape Circle Layer both
position 11.430000 -7.620000  size  1.600000  1.600000  orientation 0.00
drill  1.100000
shape_offset  0.000000  0.000000
$EndPAD
$PAD "23"
Shape Circle Layer both
position  8.890000 -7.620000  size  1.600000  1.600000  orientation 0.00
drill  1.100000
shape_offset  0.000000  0.000000
$EndPAD
$PAD "24"
Shape Circle Layer both
position  6.350000 -7.620000  size  1.600000  1.600000  orientation 0.00
drill  1.100000
shape_offset  0.000000  0.000000
$EndPAD
$PAD "25"
Shape Circle Layer both
position  3.810000 -7.620000  size  1.600000  1.600000  orientation 0.00
drill  1.100000
shape_offset  0.000000  0.000000
$EndPAD
$PAD "26"
Shape Circle Layer both
position  1.270000 -7.620000  size  1.600000  1.600000  orientation 0.00
drill  1.100000
shape_offset  0.000000  0.000000
$EndPAD
$PAD "27"
Shape Circle Layer both
position -1.270000 -7.620000  size  1.600000  1.600000  orientation 0.00
drill  1.100000
shape_offset  0.000000  0.000000
$EndPAD
$PAD "28"
Shape Circle Layer both
position -3.810000 -7.620000  size  1.600000  1.600000  orientation 0.00
drill  1.100000
shape_offset  0.000000  0.000000
$EndPAD
$PAD "29"
Shape Circle Layer both
position -6.350000 -7.620000  size  1.600000  1.600000  orientation 0.00
drill  1.100000
shape_offset  0.000000  0.000000
$EndPAD
$PAD "30"
Shape Circle Layer both
position -8.890000 -7.620000  size  1.600000  1.600000  orientation 0.00
drill  1.100000
shape_offset  0.000000  0.000000
$EndPAD
$PAD "31"
Shape Circle Layer both
position -11.430000 -7.620000  size  1.600000  1.600000  orientation 0.00
drill  1.100000
shape_offset  0.000000  0.000000
$EndPAD
$PAD "32"
Shape Circle Layer both
position -13.970000 -7.620000  size  1.600000  1.600000  orientation 0.00
drill  1.100000
shape_offset  0.000000  0.000000
$EndPAD
$PAD "33"
Shape Circle Layer both
position -16.510000 -7.620000  size  1.600000  1.600000  orientation 0.00
drill  1.100000
shape_offset  0.000000  0.000000
$EndPAD
$PAD "34"
Shape Circle Layer both
position -13.970000 -5.080000  size  1.600000  1.600000  orientation 0.00
drill  1.100000
shape_offset  0.000000  0.000000
$EndPAD
$PAD "35"
Shape Circle Layer both
position -8.890000 -5.080000  size  1.600000  1.600000  orientation 0.00
drill  1.100000
shape_offset  0.000000  0.000000
$EndPAD
$PAD "36"
Shape Circle Layer both
position -6.350000 -5.080000  size  1.600000  1.600000  orientation 0.00
drill  1.100000
shape_offset  0.000000  0.000000
$EndPAD
$PAD "37"
Shape Circle Layer both
position -3.810000 -5.080000  size  1.600000  1.600000  orientation 0.00
drill  1.100000
shape_offset  0.000000  0.000000
$EndPAD
$PAD "13"
Shape Circle Layer both
position 13.970000  7.620000  size  1.600000  1.600000  orientation 0.00
drill  1.100000
shape_offset  0.000000  0.000000
$EndPAD
$PAD "12"
Shape Circle Layer both
position 11.430000  7.620000  size  1.600000  1.600000  orientation 0.00
drill  1.100000
shape_offset  0.000000  0.000000
$EndPAD
$PAD "11"
Shape Circle Layer both
position  8.890000  7.620000  size  1.600000  1.600000  orientation 0.00
drill  1.100000
shape_offset  0.000000  0.000000
$EndPAD
$PAD "10"
Shape Circle Layer both
position  6.350000  7.620000  size  1.600000  1.600000  orientation 0.00
drill  1.100000
shape_offset  0.000000  0.000000
$EndPAD
$PAD "9"
Shape Circle Layer both
position  3.810000  7.620000  size  1.600000  1.600000  orientation 0.00
drill  1.100000
shape_offset  0.000000  0.000000
$EndPAD
$PAD "8"
Shape Circle Layer both
position  1.270000  7.620000  size  1.600000  1.600000  orientation 0.00
drill  1.100000
shape_offset  0.000000  0.000000
$EndPAD
$PAD "7"
Shape Circle Layer both
position -1.270000  7.620000  size  1.600000  1.600000  orientation 0.00
drill  1.100000
shape_offset  0.000000  0.000000
$EndPAD
$PAD "6"
Shape Circle Layer both
position -3.810000  7.620000  size  1.600000  1.600000  orientation 0.00
drill  1.100000
shape_offset  0.000000  0.000000
$EndPAD
$PAD "5"
Shape Circle Layer both
position -6.350000  7.620000  size  1.600000  1.600000  orientation 0.00
drill  1.100000
shape_offset  0.000000  0.000000
$EndPAD
$PAD "4"
Shape Circle Layer both
position -8.890000  7.620000  size  1.600000  1.600000  orientation 0.00
drill  1.100000
shape_offset  0.000000  0.000000
$EndPAD
$PAD "3"
Shape Circle Layer both
position -11.430000  7.620000  size  1.600000  1.600000  orientation 0.00
drill  1.100000
shape_offset  0.000000  0.000000
$EndPAD
$PAD "2"
Shape Circle Layer both
position -13.970000  7.620000  size  1.600000  1.600000  orientation 0.00
drill  1.100000
shape_offset  0.000000  0.000000
$EndPAD
$PAD "1"
Shape Rect Layer both
position -16.510000  7.620000  size  1.600000  1.600000  orientation 0.00
drill  1.100000
shape_offset  0.000000  0.000000
$EndPAD
$PAD "52"
Shape Circle Layer both
position -6.350000  0.000000  size  1.900000  1.900000  orientation 0.00
drill  0.500000
shape_offset  0.000000  0.000000
$EndPAD
$PAD "52"
Shape Circle Layer both
position -10.160000  0.000000  size  1.900000  1.900000  orientation 0.00
drill  0.500000
shape_offset  0.000000  0.000000
$EndPAD
$EndMODULE  left stim

$MODULE "right stim"
reference "right stim"
value "Teensy3.2"
footprint "lib:Teensy30_31_32_LC"
attribut none
position 36.830000 48.895000  orientation 0.00
layer front
$PAD "52"
Shape Circle Layer both
position -10.160000  0.000000  size  1.900000  1.900000  orientation 0.00
drill  0.500000
shape_offset  0.000000  0.000000
$EndPAD
$PAD "52"
Shape Circle Layer both
position -6.350000  0.000000  size  1.900000  1.900000  orientation 0.00
drill  0.500000
shape_offset  0.000000  0.000000
$EndPAD
$PAD "1"
Shape Rect Layer both
position -16.510000  7.620000  size  1.600000  1.600000  orientation 0.00
drill  1.100000
shape_offset  0.000000  0.000000
$EndPAD
$PAD "2"
Shape Circle Layer both
position -13.970000  7.620000  size  1.600000  1.600000  orientation 0.00
drill  1.100000
shape_offset  0.000000  0.000000
$EndPAD
$PAD "3"
Shape Circle Layer both
position -11.430000  7.620000  size  1.600000  1.600000  orientation 0.00
drill  1.100000
shape_offset  0.000000  0.000000
$EndPAD
$PAD "4"
Shape Circle Layer both
position -8.890000  7.620000  size  1.600000  1.600000  orientation 0.00
drill  1.100000
shape_offset  0.000000  0.000000
$EndPAD
$PAD "5"
Shape Circle Layer both
position -6.350000  7.620000  size  1.600000  1.600000  orientation 0.00
drill  1.100000
shape_offset  0.000000  0.000000
$EndPAD
$PAD "6"
Shape Circle Layer both
position -3.810000  7.620000  size  1.600000  1.600000  orientation 0.00
drill  1.100000
shape_offset  0.000000  0.000000
$EndPAD
$PAD "7"
Shape Circle Layer both
position -1.270000  7.620000  size  1.600000  1.600000  orientation 0.00
drill  1.100000
shape_offset  0.000000  0.000000
$EndPAD
$PAD "8"
Shape Circle Layer both
position  1.270000  7.620000  size  1.600000  1.600000  orientation 0.00
drill  1.100000
shape_offset  0.000000  0.000000
$EndPAD
$PAD "9"
Shape Circle Layer both
position  3.810000  7.620000  size  1.600000  1.600000  orientation 0.00
drill  1.100000
shape_offset  0.000000  0.000000
$EndPAD
$PAD "10"
Shape Circle Layer both
position  6.350000  7.620000  size  1.600000  1.600000  orientation 0.00
drill  1.100000
shape_offset  0.000000  0.000000
$EndPAD
$PAD "11"
Shape Circle Layer both
position  8.890000  7.620000  size  1.600000  1.600000  orientation 0.00
drill  1.100000
shape_offset  0.000000  0.000000
$EndPAD
$PAD "12"
Shape Circle Layer both
position 11.430000  7.620000  size  1.600000  1.600000  orientation 0.00
drill  1.100000
shape_offset  0.000000  0.000000
$EndPAD
$PAD "13"
Shape Circle Layer both
position 13.970000  7.620000  size  1.600000  1.600000  orientation 0.00
drill  1.100000
shape_offset  0.000000  0.000000
$EndPAD
$PAD "37"
Shape Circle Layer both
position -3.810000 -5.080000  size  1.600000  1.600000  orientation 0.00
drill  1.100000
shape_offset  0.000000  0.000000
$EndPAD
$PAD "36"
Shape Circle Layer both
position -6.350000 -5.080000  size  1.600000  1.600000  orientation 0.00
drill  1.100000
shape_offset  0.000000  0.000000
$EndPAD
$PAD "35"
Shape Circle Layer both
position -8.890000 -5.080000  size  1.600000  1.600000  orientation 0.00
drill  1.100000
shape_offset  0.000000  0.000000
$EndPAD
$PAD "34"
Shape Circle Layer both
position -13.970000 -5.080000  size  1.600000  1.600000  orientation 0.00
drill  1.100000
shape_offset  0.000000  0.000000
$EndPAD
$PAD "33"
Shape Circle Layer both
position -16.510000 -7.620000  size  1.600000  1.600000  orientation 0.00
drill  1.100000
shape_offset  0.000000  0.000000
$EndPAD
$PAD "32"
Shape Circle Layer both
position -13.970000 -7.620000  size  1.600000  1.600000  orientation 0.00
drill  1.100000
shape_offset  0.000000  0.000000
$EndPAD
$PAD "31"
Shape Circle Layer both
position -11.430000 -7.620000  size  1.600000  1.600000  orientation 0.00
drill  1.100000
shape_offset  0.000000  0.000000
$EndPAD
$PAD "30"
Shape Circle Layer both
position -8.890000 -7.620000  size  1.600000  1.600000  orientation 0.00
drill  1.100000
shape_offset  0.000000  0.000000
$EndPAD
$PAD "29"
Shape Circle Layer both
position -6.350000 -7.620000  size  1.600000  1.600000  orientation 0.00
drill  1.100000
shape_offset  0.000000  0.000000
$EndPAD
$PAD "28"
Shape Circle Layer both
position -3.810000 -7.620000  size  1.600000  1.600000  orientation 0.00
drill  1.100000
shape_offset  0.000000  0.000000
$EndPAD
$PAD "27"
Shape Circle Layer both
position -1.270000 -7.620000  size  1.600000  1.600000  orientation 0.00
drill  1.100000
shape_offset  0.000000  0.000000
$EndPAD
$PAD "26"
Shape Circle Layer both
position  1.270000 -7.620000  size  1.600000  1.600000  orientation 0.00
drill  1.100000
shape_offset  0.000000  0.000000
$EndPAD
$PAD "25"
Shape Circle Layer both
position  3.810000 -7.620000  size  1.600000  1.600000  orientation 0.00
drill  1.100000
shape_offset  0.000000  0.000000
$EndPAD
$PAD "24"
Shape Circle Layer both
position  6.350000 -7.620000  size  1.600000  1.600000  orientation 0.00
drill  1.100000
shape_offset  0.000000  0.000000
$EndPAD
$PAD "23"
Shape Circle Layer both
position  8.890000 -7.620000  size  1.600000  1.600000  orientation 0.00
drill  1.100000
shape_offset  0.000000  0.000000
$EndPAD
$PAD "22"
Shape Circle Layer both
position 11.430000 -7.620000  size  1.600000  1.600000  orientation 0.00
drill  1.100000
shape_offset  0.000000  0.000000
$EndPAD
$PAD "21"
Shape Circle Layer both
position 13.970000 -7.620000  size  1.600000  1.600000  orientation 0.00
drill  1.100000
shape_offset  0.000000  0.000000
$EndPAD
$PAD "14"
Shape Circle Layer both
position 16.510000  7.620000  size  1.600000  1.600000  orientation 0.00
drill  1.100000
shape_offset  0.000000  0.000000
$EndPAD
$PAD "15"
Shape Circle Layer both
position 16.510000  5.080000  size  1.600000  1.600000  orientation 0.00
drill  1.100000
shape_offset  0.000000  0.000000
$EndPAD
$PAD "16"
Shape Circle Layer both
position 16.510000  2.540000  size  1.600000  1.600000  orientation 0.00
drill  1.100000
shape_offset  0.000000  0.000000
$EndPAD
$PAD "20"
Shape Circle Layer both
position 16.510000 -7.620000  size  1.600000  1.600000  orientation 0.00
drill  1.100000
shape_offset  0.000000  0.000000
$EndPAD
$PAD "19"
Shape Circle Layer both
position 16.510000 -5.080000  size  1.600000  1.600000  orientation 0.00
drill  1.100000
shape_offset  0.000000  0.000000
$EndPAD
$PAD "18"
Shape Circle Layer both
position 16.510000 -2.540000  size  1.600000  1.600000  orientation 0.00
drill  1.100000
shape_offset  0.000000  0.000000
$EndPAD
$PAD "17"
Shape Circle Layer both
position 16.510000  0.000000  size  1.600000  1.600000  orientation 0.00
drill  1.100000
shape_offset  0.000000  0.000000
$EndPAD
$EndMODULE  right stim

$MODULE "connector"
reference "connector"
value "Screw_Terminal"
footprint "TerminalBlock_4Ucon:TerminalBlock_4Ucon_1x06_P3.50mm_Vertical"
attribut none
position 147.290000 34.290000  orientation 0.00
layer front
$PAD "1"
Shape Rect Layer both
position  0.000000  0.000000  size  2.600000  2.600000  orientation 0.00
drill  1.300000
shape_offset  0.000000  0.000000
$EndPAD
$PAD "2"
Shape Circle Layer both
position  3.500000  0.000000  size  2.600000  2.600000  orientation 0.00
drill  1.300000
shape_offset  0.000000  0.000000
$EndPAD
$PAD "3"
Shape Circle Layer both
position  7.000000  0.000000  size  2.600000  2.600000  orientation 0.00
drill  1.300000
shape_offset  0.000000  0.000000
$EndPAD
$PAD "4"
Shape Circle Layer both
position 10.500000  0.000000  size  2.600000  2.600000  orientation 0.00
drill  1.300000
shape_offset  0.000000  0.000000
$EndPAD
$PAD "5"
Shape Circle Layer both
position 14.000000  0.000000  size  2.600000  2.600000  orientation 0.00
drill  1.300000
shape_offset  0.000000  0.000000
$EndPAD
$PAD "6"
Shape Circle Layer both
position 17.500000  0.000000  size  2.600000  2.600000  orientation 0.00
drill  1.300000
shape_offset  0.000000  0.000000
$EndPAD
$EndMODULE  connector

$EndDESCRIPTION
